<!DOCTYPE html>

<html>
  <head>
  <meta charset='utf-8'>
  <title>TestNG reports</title>

    <link type="text/css" href="testng-reports1.css" rel="stylesheet" id="ultra" />
    <link type="text/css" href="testng-reports.css" rel="stylesheet" id="retro" disabled="false"/>
    <script type="text/javascript" src="jquery-3.6.0.min.js"></script>
    <script type="text/javascript" src="testng-reports.js"></script>
    <script type="text/javascript" src="https://www.google.com/jsapi"></script>
    <script type='text/javascript'>
      google.load('visualization', '1', {packages:['table']});
      google.setOnLoadCallback(drawTable);
      var suiteTableInitFunctions = new Array();
      var suiteTableData = new Array();
    </script>
    <!--
      <script type="text/javascript" src="jquery-ui/js/jquery-ui-1.8.16.custom.min.js"></script>
     -->
  </head>

  <body>    <div class="top-banner-root">
      <span class="top-banner-title-font">Test results</span>
      <button id="button" class="button">Switch Retro Theme</button> <!-- button -->
      <br/>
      <span class="top-banner-font-1">1 suite, 4 failed tests</span>
    </div> <!-- top-banner-root -->
    <div class="navigator-root">
      <div class="navigator-suite-header">
        <span>All suites</span>
        <a href="#" title="Collapse/expand all the suites" class="collapse-all-link">
          <img src="collapseall.gif" class="collapse-all-icon">
          </img> <!-- collapse-all-icon -->
        </a> <!-- collapse-all-link -->
      </div> <!-- navigator-suite-header -->
      <div class="suite">
        <div class="rounded-window">
          <div class="suite-header light-rounded-window-top">
            <a href="#" panel-name="suite-Default_Suite" class="navigator-link">
              <span class="suite-name border-failed">Default Suite</span>
            </a> <!-- navigator-link -->
          </div> <!-- suite-header light-rounded-window-top -->
          <div class="navigator-suite-content">
            <div class="suite-section-title">
              <span>Info</span>
            </div> <!-- suite-section-title -->
            <div class="suite-section-content">
              <ul>
                <li>
                  <a href="#" panel-name="test-xml-Default_Suite" class="navigator-link ">
                    <span>C:\Users\Thacl Le\AppData\Local\JetBrains\IdeaIC2024.3\temp-testng-customsuite.xml</span>
                  </a> <!-- navigator-link  -->
                </li>
                <li>
                  <a href="#" panel-name="testlist-Default_Suite" class="navigator-link ">
                    <span class="test-stats">1 test</span>
                  </a> <!-- navigator-link  -->
                </li>
                <li>
                  <a href="#" panel-name="group-Default_Suite" class="navigator-link ">
                    <span>0 groups</span>
                  </a> <!-- navigator-link  -->
                </li>
                <li>
                  <a href="#" panel-name="times-Default_Suite" class="navigator-link ">
                    <span>Times</span>
                  </a> <!-- navigator-link  -->
                </li>
                <li>
                  <a href="#" panel-name="reporter-Default_Suite" class="navigator-link ">
                    <span>Reporter output</span>
                  </a> <!-- navigator-link  -->
                </li>
                <li>
                  <a href="#" panel-name="ignored-methods-Default_Suite" class="navigator-link ">
                    <span>Ignored methods</span>
                  </a> <!-- navigator-link  -->
                </li>
                <li>
                  <a href="#" panel-name="chronological-Default_Suite" class="navigator-link ">
                    <span>Chronological view</span>
                  </a> <!-- navigator-link  -->
                </li>
              </ul>
            </div> <!-- suite-section-content -->
            <div class="result-section">
              <div class="suite-section-title">
                <span>Results</span>
              </div> <!-- suite-section-title -->
              <div class="suite-section-content">
                <ul>
                  <li>
                    <span class="method-stats">6 methods, 4 failed,   2 passed</span>
                  </li>
                  <li>
                    <span class="method-list-title failed">Failed methods</span>
                    <span class="show-or-hide-methods failed">
                      <a href="#" panel-name="suite-Default_Suite" class="hide-methods failed suite-Default_Suite"> (hide)</a> <!-- hide-methods failed suite-Default_Suite -->
                      <a href="#" panel-name="suite-Default_Suite" class="show-methods failed suite-Default_Suite"> (show)</a> <!-- show-methods failed suite-Default_Suite -->
                    </span>
                    <div class="method-list-content failed suite-Default_Suite">
                      <span>
                        <img src="failed.png" width="3%"/>
                        <a href="#" panel-name="suite-Default_Suite" title="software.testing.group6.SignUpTest" class="method navigator-link" hash-for-method="testInvalidInputs(user107nt, Pass1234, Nguyen Van A, 01/01/2026, Nam, user10@example.com, 0123456789, 123 Đường ABC, N...)">testInvalidInputs(user107nt, Pass1234, Nguyen Van A, 01/01/2026, Nam, user10@example.com, 0123456789, 123 Đường ABC, N...)</a> <!-- method navigator-link -->
                      </span>
                      <br/>
                      <span>
                        <img src="failed.png" width="3%"/>
                        <a href="#" panel-name="suite-Default_Suite" title="software.testing.group6.SignUpTest" class="method navigator-link" hash-for-method="testInvalidInputs(user106nt, Pass1234, vcc@, 01/01/1990, Nam, user9@example.com, 0123456789, 123 Đường ABC, Họ và tên ...)">testInvalidInputs(user106nt, Pass1234, vcc@, 01/01/1990, Nam, user9@example.com, 0123456789, 123 Đường ABC, Họ và tên ...)</a> <!-- method navigator-link -->
                      </span>
                      <br/>
                      <span>
                        <img src="failed.png" width="3%"/>
                        <a href="#" panel-name="suite-Default_Suite" title="software.testing.group6.SignUpTest" class="method navigator-link" hash-for-method="testInvalidInputs(user108nt, Pass1234, Nguyen Van A, 01/01/1990, Nam, user11@example.com, abc123, 123 Đường ABC, SĐT k...)">testInvalidInputs(user108nt, Pass1234, Nguyen Van A, 01/01/1990, Nam, user11@example.com, abc123, 123 Đường ABC, SĐT k...)</a> <!-- method navigator-link -->
                      </span>
                      <br/>
                      <span>
                        <img src="failed.png" width="3%"/>
                        <a href="#" panel-name="suite-Default_Suite" title="software.testing.group6.SignUpTest" class="method navigator-link" hash-for-method="testInvalidInputs(user09812, a, Nguyen Van A, 01/01/1990, Nam, user12@example.com, 0123456789, 123 Đường ABC, Mật khẩu...)">testInvalidInputs(user09812, a, Nguyen Van A, 01/01/1990, Nam, user12@example.com, 0123456789, 123 Đường ABC, Mật khẩu...)</a> <!-- method navigator-link -->
                      </span>
                      <br/>
                    </div> <!-- method-list-content failed suite-Default_Suite -->
                  </li>
                  <li>
                    <span class="method-list-title passed">Passed methods</span>
                    <span class="show-or-hide-methods passed">
                      <a href="#" panel-name="suite-Default_Suite" class="hide-methods passed suite-Default_Suite"> (hide)</a> <!-- hide-methods passed suite-Default_Suite -->
                      <a href="#" panel-name="suite-Default_Suite" class="show-methods passed suite-Default_Suite"> (show)</a> <!-- show-methods passed suite-Default_Suite -->
                    </span>
                    <div class="method-list-content passed suite-Default_Suite">
                      <span>
                        <img src="passed.png" width="3%"/>
                        <a href="#" panel-name="suite-Default_Suite" title="software.testing.group6.SignUpTest" class="method navigator-link" hash-for-method="testInvalidInputs(bc, Pass1234, Nguyen Van A, 01/01/1990, Nam, user8@example.com, 0123456789, 123 Đường ABC, Tên tài k...)">testInvalidInputs(bc, Pass1234, Nguyen Van A, 01/01/1990, Nam, user8@example.com, 0123456789, 123 Đường ABC, Tên tài k...)</a> <!-- method navigator-link -->
                      </span>
                      <br/>
                      <span>
                        <img src="passed.png" width="3%"/>
                        <a href="#" panel-name="suite-Default_Suite" title="software.testing.group6.SignUpTest" class="method navigator-link" hash-for-method="testInvalidInputs(user105ntnnt, Pass1234, Nguyen Van A, 01/01/1990, Nam, chickaakaka.com, 0123456789, 123 Đường ABC, E...)">testInvalidInputs(user105ntnnt, Pass1234, Nguyen Van A, 01/01/1990, Nam, chickaakaka.com, 0123456789, 123 Đường ABC, E...)</a> <!-- method navigator-link -->
                      </span>
                      <br/>
                    </div> <!-- method-list-content passed suite-Default_Suite -->
                  </li>
                </ul>
              </div> <!-- suite-section-content -->
            </div> <!-- result-section -->
          </div> <!-- navigator-suite-content -->
        </div> <!-- rounded-window -->
      </div> <!-- suite -->
    </div> <!-- navigator-root -->
    <div class="wrapper">
      <div class="main-panel-root">
        <div panel-name="suite-Default_Suite" class="panel Default_Suite">
          <div class="suite-Default_Suite-class-failed">
            <div class="main-panel-header rounded-window-top">
              <img src="failed.png"/>
              <span class="class-name">software.testing.group6.SignUpTest</span>
            </div> <!-- main-panel-header rounded-window-top -->
            <div class="main-panel-content rounded-window-bottom">
              <div class="method">
                <div class="method-content">
                  <a name="testInvalidInputs(user107nt, Pass1234, Nguyen Van A, 01/01/2026, Nam, user10@example.com, 0123456789, 123 Đường ABC, N...)">
                  </a> <!-- testInvalidInputs(user107nt, Pass1234, Nguyen Van A, 01/01/2026, Nam, user10@example.com, 0123456789, 123 Đường ABC, N...) -->
                  <span class="method-name">testInvalidInputs</span>
                  <span class="parameters">(user107nt,Pass1234,Nguyen Van A,01/01/2026,Nam,user10@example.com,0123456789,123 Đường ABC,Ngày sinh không hợp lệ)</span>
                  <div class="stack-trace">org.openqa.selenium.StaleElementReferenceException: stale element reference: stale element not found
  (Session info: chrome=137.0.7151.68)
For documentation on this error, please visit: https://www.selenium.dev/documentation/webdriver/troubleshooting/errors#stale-element-reference-exception
Build info: version: &apos;4.31.0&apos;, revision: &apos;1ef9f18787*&apos;
System info: os.name: &apos;Windows 11&apos;, os.arch: &apos;amd64&apos;, os.version: &apos;10.0&apos;, java.version: &apos;17.0.9&apos;
Driver info: org.openqa.selenium.chrome.ChromeDriver
Command: [0f7a7de509aa638e214ebe53ae938fe5, isElementDisplayed {id=f.D5540C83A86145E84B2F1BFB6E12B06B.d.2F2F7D0DC073A1A4FF295A08A6B8B7D1.e.47}]
Capabilities {acceptInsecureCerts: false, browserName: chrome, browserVersion: 137.0.7151.68, chrome: {chromedriverVersion: 137.0.7151.55 (254bc711794d..., userDataDir: D:\TEMP\scoped_dir10716_209...}, fedcm:accounts: true, goog:chromeOptions: {debuggerAddress: localhost:63062}, networkConnectionEnabled: false, pageLoadStrategy: normal, platformName: windows, proxy: Proxy(), se:cdp: ws://localhost:63062/devtoo..., se:cdpVersion: 137.0.7151.68, setWindowRect: true, strictFileInteractability: false, timeouts: {implicit: 0, pageLoad: 300000, script: 30000}, unhandledPromptBehavior: dismiss and notify, webauthn:extension:credBlob: true, webauthn:extension:largeBlob: true, webauthn:extension:minPinLength: true, webauthn:extension:prf: true, webauthn:virtualAuthenticators: true}
Element: [[ChromeDriver: chrome on windows (0f7a7de509aa638e214ebe53ae938fe5)] -&gt; id: LinkDX]
Session ID: 0f7a7de509aa638e214ebe53ae938fe5
	at org.openqa.selenium.remote.ErrorCodec.decode(ErrorCodec.java:167)
	at org.openqa.selenium.remote.codec.w3c.W3CHttpResponseCodec.decode(W3CHttpResponseCodec.java:138)
	at org.openqa.selenium.remote.codec.w3c.W3CHttpResponseCodec.decode(W3CHttpResponseCodec.java:50)
	at org.openqa.selenium.remote.HttpCommandExecutor.execute(HttpCommandExecutor.java:215)
	at org.openqa.selenium.remote.service.DriverCommandExecutor.invokeExecute(DriverCommandExecutor.java:216)
	at org.openqa.selenium.remote.service.DriverCommandExecutor.execute(DriverCommandExecutor.java:174)
	at org.openqa.selenium.remote.RemoteWebDriver.execute(RemoteWebDriver.java:545)
	at org.openqa.selenium.remote.RemoteWebElement.execute(RemoteWebElement.java:223)
	at org.openqa.selenium.remote.RemoteWebElement.isDisplayed(RemoteWebElement.java:282)
	at software.testing.group6.SignUpTest.testInvalidInputs(SignUpTest.java:172)
	at java.base/java.util.ArrayList.forEach(ArrayList.java:1511)
	at com.intellij.rt.testng.IDEARemoteTestNG.run(IDEARemoteTestNG.java:65)
	at com.intellij.rt.testng.RemoteTestNGStarter.main(RemoteTestNGStarter.java:105)
... Removed 29 stack frames
</div> <!-- stack-trace -->
                  <em>
(TC9-TC14: Kiểm thử đăng ký với dữ liệu không hợp lệ)                  </em>
                </div> <!-- method-content -->
              </div> <!-- method -->
              <div class="method">
                <div class="method-content">
                  <a name="testInvalidInputs(user106nt, Pass1234, vcc@, 01/01/1990, Nam, user9@example.com, 0123456789, 123 Đường ABC, Họ và tên ...)">
                  </a> <!-- testInvalidInputs(user106nt, Pass1234, vcc@, 01/01/1990, Nam, user9@example.com, 0123456789, 123 Đường ABC, Họ và tên ...) -->
                  <span class="method-name">testInvalidInputs</span>
                  <span class="parameters">(user106nt,Pass1234,vcc@,01/01/1990,Nam,user9@example.com,0123456789,123 Đường ABC,Họ và tên không hợp lệ)</span>
                  <div class="stack-trace">org.openqa.selenium.StaleElementReferenceException: stale element reference: stale element not found
  (Session info: chrome=137.0.7151.68)
For documentation on this error, please visit: https://www.selenium.dev/documentation/webdriver/troubleshooting/errors#stale-element-reference-exception
Build info: version: &apos;4.31.0&apos;, revision: &apos;1ef9f18787*&apos;
System info: os.name: &apos;Windows 11&apos;, os.arch: &apos;amd64&apos;, os.version: &apos;10.0&apos;, java.version: &apos;17.0.9&apos;
Driver info: org.openqa.selenium.chrome.ChromeDriver
Command: [e1def4d989d7fbeddbb6a3b09d13edde, isElementDisplayed {id=f.255EB15F2B6D2A9DA2865720ECB89CA4.d.FF5C2FE359F26A8B6D1492D82D45FE04.e.47}]
Capabilities {acceptInsecureCerts: false, browserName: chrome, browserVersion: 137.0.7151.68, chrome: {chromedriverVersion: 137.0.7151.55 (254bc711794d..., userDataDir: D:\TEMP\scoped_dir20208_108...}, fedcm:accounts: true, goog:chromeOptions: {debuggerAddress: localhost:63031}, networkConnectionEnabled: false, pageLoadStrategy: normal, platformName: windows, proxy: Proxy(), se:cdp: ws://localhost:63031/devtoo..., se:cdpVersion: 137.0.7151.68, setWindowRect: true, strictFileInteractability: false, timeouts: {implicit: 0, pageLoad: 300000, script: 30000}, unhandledPromptBehavior: dismiss and notify, webauthn:extension:credBlob: true, webauthn:extension:largeBlob: true, webauthn:extension:minPinLength: true, webauthn:extension:prf: true, webauthn:virtualAuthenticators: true}
Element: [[ChromeDriver: chrome on windows (e1def4d989d7fbeddbb6a3b09d13edde)] -&gt; id: LinkDX]
Session ID: e1def4d989d7fbeddbb6a3b09d13edde
	at org.openqa.selenium.remote.ErrorCodec.decode(ErrorCodec.java:167)
	at org.openqa.selenium.remote.codec.w3c.W3CHttpResponseCodec.decode(W3CHttpResponseCodec.java:138)
	at org.openqa.selenium.remote.codec.w3c.W3CHttpResponseCodec.decode(W3CHttpResponseCodec.java:50)
	at org.openqa.selenium.remote.HttpCommandExecutor.execute(HttpCommandExecutor.java:215)
	at org.openqa.selenium.remote.service.DriverCommandExecutor.invokeExecute(DriverCommandExecutor.java:216)
	at org.openqa.selenium.remote.service.DriverCommandExecutor.execute(DriverCommandExecutor.java:174)
	at org.openqa.selenium.remote.RemoteWebDriver.execute(RemoteWebDriver.java:545)
	at org.openqa.selenium.remote.RemoteWebElement.execute(RemoteWebElement.java:223)
	at org.openqa.selenium.remote.RemoteWebElement.isDisplayed(RemoteWebElement.java:282)
	at software.testing.group6.SignUpTest.testInvalidInputs(SignUpTest.java:172)
	at java.base/java.util.ArrayList.forEach(ArrayList.java:1511)
	at com.intellij.rt.testng.IDEARemoteTestNG.run(IDEARemoteTestNG.java:65)
	at com.intellij.rt.testng.RemoteTestNGStarter.main(RemoteTestNGStarter.java:105)
... Removed 29 stack frames
</div> <!-- stack-trace -->
                  <em>
(TC9-TC14: Kiểm thử đăng ký với dữ liệu không hợp lệ)                  </em>
                </div> <!-- method-content -->
              </div> <!-- method -->
              <div class="method">
                <div class="method-content">
                  <a name="testInvalidInputs(user108nt, Pass1234, Nguyen Van A, 01/01/1990, Nam, user11@example.com, abc123, 123 Đường ABC, SĐT k...)">
                  </a> <!-- testInvalidInputs(user108nt, Pass1234, Nguyen Van A, 01/01/1990, Nam, user11@example.com, abc123, 123 Đường ABC, SĐT k...) -->
                  <span class="method-name">testInvalidInputs</span>
                  <span class="parameters">(user108nt,Pass1234,Nguyen Van A,01/01/1990,Nam,user11@example.com,abc123,123 Đường ABC,SĐT không hợp lệ)</span>
                  <div class="stack-trace">org.openqa.selenium.StaleElementReferenceException: stale element reference: stale element not found
  (Session info: chrome=137.0.7151.68)
For documentation on this error, please visit: https://www.selenium.dev/documentation/webdriver/troubleshooting/errors#stale-element-reference-exception
Build info: version: &apos;4.31.0&apos;, revision: &apos;1ef9f18787*&apos;
System info: os.name: &apos;Windows 11&apos;, os.arch: &apos;amd64&apos;, os.version: &apos;10.0&apos;, java.version: &apos;17.0.9&apos;
Driver info: org.openqa.selenium.chrome.ChromeDriver
Command: [f2e533a8fdbdad4ef3767f3e4337cfe5, isElementDisplayed {id=f.A7D719506287B85D3624192F692E6F35.d.9C462E52A5C325066B69F3DCD6807C25.e.60}]
Capabilities {acceptInsecureCerts: false, browserName: chrome, browserVersion: 137.0.7151.68, chrome: {chromedriverVersion: 137.0.7151.55 (254bc711794d..., userDataDir: D:\TEMP\scoped_dir17044_107...}, fedcm:accounts: true, goog:chromeOptions: {debuggerAddress: localhost:63090}, networkConnectionEnabled: false, pageLoadStrategy: normal, platformName: windows, proxy: Proxy(), se:cdp: ws://localhost:63090/devtoo..., se:cdpVersion: 137.0.7151.68, setWindowRect: true, strictFileInteractability: false, timeouts: {implicit: 0, pageLoad: 300000, script: 30000}, unhandledPromptBehavior: dismiss and notify, webauthn:extension:credBlob: true, webauthn:extension:largeBlob: true, webauthn:extension:minPinLength: true, webauthn:extension:prf: true, webauthn:virtualAuthenticators: true}
Element: [[ChromeDriver: chrome on windows (f2e533a8fdbdad4ef3767f3e4337cfe5)] -&gt; id: LinkDX]
Session ID: f2e533a8fdbdad4ef3767f3e4337cfe5
	at org.openqa.selenium.remote.ErrorCodec.decode(ErrorCodec.java:167)
	at org.openqa.selenium.remote.codec.w3c.W3CHttpResponseCodec.decode(W3CHttpResponseCodec.java:138)
	at org.openqa.selenium.remote.codec.w3c.W3CHttpResponseCodec.decode(W3CHttpResponseCodec.java:50)
	at org.openqa.selenium.remote.HttpCommandExecutor.execute(HttpCommandExecutor.java:215)
	at org.openqa.selenium.remote.service.DriverCommandExecutor.invokeExecute(DriverCommandExecutor.java:216)
	at org.openqa.selenium.remote.service.DriverCommandExecutor.execute(DriverCommandExecutor.java:174)
	at org.openqa.selenium.remote.RemoteWebDriver.execute(RemoteWebDriver.java:545)
	at org.openqa.selenium.remote.RemoteWebElement.execute(RemoteWebElement.java:223)
	at org.openqa.selenium.remote.RemoteWebElement.isDisplayed(RemoteWebElement.java:282)
	at software.testing.group6.SignUpTest.testInvalidInputs(SignUpTest.java:172)
	at java.base/java.util.ArrayList.forEach(ArrayList.java:1511)
	at com.intellij.rt.testng.IDEARemoteTestNG.run(IDEARemoteTestNG.java:65)
	at com.intellij.rt.testng.RemoteTestNGStarter.main(RemoteTestNGStarter.java:105)
... Removed 29 stack frames
</div> <!-- stack-trace -->
                  <em>
(TC9-TC14: Kiểm thử đăng ký với dữ liệu không hợp lệ)                  </em>
                </div> <!-- method-content -->
              </div> <!-- method -->
              <div class="method">
                <div class="method-content">
                  <a name="testInvalidInputs(user09812, a, Nguyen Van A, 01/01/1990, Nam, user12@example.com, 0123456789, 123 Đường ABC, Mật khẩu...)">
                  </a> <!-- testInvalidInputs(user09812, a, Nguyen Van A, 01/01/1990, Nam, user12@example.com, 0123456789, 123 Đường ABC, Mật khẩu...) -->
                  <span class="method-name">testInvalidInputs</span>
                  <span class="parameters">(user09812,a,Nguyen Van A,01/01/1990,Nam,user12@example.com,0123456789,123 Đường ABC,Mật khẩu phải đủ 6 đến 20 ký tự)</span>
                  <div class="stack-trace">org.openqa.selenium.StaleElementReferenceException: stale element reference: stale element not found
  (Session info: chrome=137.0.7151.68)
For documentation on this error, please visit: https://www.selenium.dev/documentation/webdriver/troubleshooting/errors#stale-element-reference-exception
Build info: version: &apos;4.31.0&apos;, revision: &apos;1ef9f18787*&apos;
System info: os.name: &apos;Windows 11&apos;, os.arch: &apos;amd64&apos;, os.version: &apos;10.0&apos;, java.version: &apos;17.0.9&apos;
Driver info: org.openqa.selenium.chrome.ChromeDriver
Command: [68bb6cc084b5e7cb6cfb95e861c1c5c9, isElementDisplayed {id=f.DDBD3E15F9ACDEE9FE98E7B7CA6A0D24.d.5D36EB18C849A9E1114FED2E09AB3DDD.e.65}]
Capabilities {acceptInsecureCerts: false, browserName: chrome, browserVersion: 137.0.7151.68, chrome: {chromedriverVersion: 137.0.7151.55 (254bc711794d..., userDataDir: D:\TEMP\scoped_dir15548_457...}, fedcm:accounts: true, goog:chromeOptions: {debuggerAddress: localhost:63126}, networkConnectionEnabled: false, pageLoadStrategy: normal, platformName: windows, proxy: Proxy(), se:cdp: ws://localhost:63126/devtoo..., se:cdpVersion: 137.0.7151.68, setWindowRect: true, strictFileInteractability: false, timeouts: {implicit: 0, pageLoad: 300000, script: 30000}, unhandledPromptBehavior: dismiss and notify, webauthn:extension:credBlob: true, webauthn:extension:largeBlob: true, webauthn:extension:minPinLength: true, webauthn:extension:prf: true, webauthn:virtualAuthenticators: true}
Element: [[ChromeDriver: chrome on windows (68bb6cc084b5e7cb6cfb95e861c1c5c9)] -&gt; id: LinkDX]
Session ID: 68bb6cc084b5e7cb6cfb95e861c1c5c9
	at org.openqa.selenium.remote.ErrorCodec.decode(ErrorCodec.java:167)
	at org.openqa.selenium.remote.codec.w3c.W3CHttpResponseCodec.decode(W3CHttpResponseCodec.java:138)
	at org.openqa.selenium.remote.codec.w3c.W3CHttpResponseCodec.decode(W3CHttpResponseCodec.java:50)
	at org.openqa.selenium.remote.HttpCommandExecutor.execute(HttpCommandExecutor.java:215)
	at org.openqa.selenium.remote.service.DriverCommandExecutor.invokeExecute(DriverCommandExecutor.java:216)
	at org.openqa.selenium.remote.service.DriverCommandExecutor.execute(DriverCommandExecutor.java:174)
	at org.openqa.selenium.remote.RemoteWebDriver.execute(RemoteWebDriver.java:545)
	at org.openqa.selenium.remote.RemoteWebElement.execute(RemoteWebElement.java:223)
	at org.openqa.selenium.remote.RemoteWebElement.isDisplayed(RemoteWebElement.java:282)
	at software.testing.group6.SignUpTest.testInvalidInputs(SignUpTest.java:172)
	at java.base/java.util.ArrayList.forEach(ArrayList.java:1511)
	at com.intellij.rt.testng.IDEARemoteTestNG.run(IDEARemoteTestNG.java:65)
	at com.intellij.rt.testng.RemoteTestNGStarter.main(RemoteTestNGStarter.java:105)
... Removed 29 stack frames
</div> <!-- stack-trace -->
                  <em>
(TC9-TC14: Kiểm thử đăng ký với dữ liệu không hợp lệ)                  </em>
                </div> <!-- method-content -->
              </div> <!-- method -->
            </div> <!-- main-panel-content rounded-window-bottom -->
          </div> <!-- suite-Default_Suite-class-failed -->
          <div class="suite-Default_Suite-class-passed">
            <div class="main-panel-header rounded-window-top">
              <img src="passed.png"/>
              <span class="class-name">software.testing.group6.SignUpTest</span>
            </div> <!-- main-panel-header rounded-window-top -->
            <div class="main-panel-content rounded-window-bottom">
              <div class="method">
                <div class="method-content">
                  <a name="testInvalidInputs(bc, Pass1234, Nguyen Van A, 01/01/1990, Nam, user8@example.com, 0123456789, 123 Đường ABC, Tên tài k...)">
                  </a> <!-- testInvalidInputs(bc, Pass1234, Nguyen Van A, 01/01/1990, Nam, user8@example.com, 0123456789, 123 Đường ABC, Tên tài k...) -->
                  <span class="method-name">testInvalidInputs</span>
                  <span class="parameters">(bc,Pass1234,Nguyen Van A,01/01/1990,Nam,user8@example.com,0123456789,123 Đường ABC,Tên tài khoản phải ít nhất 6 ký tự)</span>
                  <em>
(TC9-TC14: Kiểm thử đăng ký với dữ liệu không hợp lệ)                  </em>
                </div> <!-- method-content -->
              </div> <!-- method -->
              <div class="method">
                <div class="method-content">
                  <a name="testInvalidInputs(user105ntnnt, Pass1234, Nguyen Van A, 01/01/1990, Nam, chickaakaka.com, 0123456789, 123 Đường ABC, E...)">
                  </a> <!-- testInvalidInputs(user105ntnnt, Pass1234, Nguyen Van A, 01/01/1990, Nam, chickaakaka.com, 0123456789, 123 Đường ABC, E...) -->
                  <span class="method-name">testInvalidInputs</span>
                  <span class="parameters">(user105ntnnt,Pass1234,Nguyen Van A,01/01/1990,Nam,chickaakaka.com,0123456789,123 Đường ABC,Email không hợp lệ)</span>
                  <em>
(TC9-TC14: Kiểm thử đăng ký với dữ liệu không hợp lệ)                  </em>
                </div> <!-- method-content -->
              </div> <!-- method -->
            </div> <!-- main-panel-content rounded-window-bottom -->
          </div> <!-- suite-Default_Suite-class-passed -->
        </div> <!-- panel Default_Suite -->
        <div panel-name="test-xml-Default_Suite" class="panel">
          <div class="main-panel-header rounded-window-top">
            <span class="header-content">C:\Users\Thacl Le\AppData\Local\JetBrains\IdeaIC2024.3\temp-testng-customsuite.xml</span>
          </div> <!-- main-panel-header rounded-window-top -->
          <div class="main-panel-content rounded-window-bottom">
            <pre>
&lt;?xml version=&quot;1.0&quot; encoding=&quot;UTF-8&quot;?&gt;
&lt;!DOCTYPE suite SYSTEM &quot;https://testng.org/testng-1.0.dtd&quot;&gt;
&lt;suite name=&quot;Default Suite&quot; guice-stage=&quot;DEVELOPMENT&quot;&gt;
  &lt;test thread-count=&quot;5&quot; name=&quot;Testting&quot;&gt;
    &lt;classes&gt;
      &lt;class name=&quot;software.testing.group6.SignUpTest&quot;&gt;
        &lt;methods&gt;
          &lt;include name=&quot;testInvalidInputs&quot;/&gt;
        &lt;/methods&gt;
      &lt;/class&gt; &lt;!-- software.testing.group6.SignUpTest --&gt;
    &lt;/classes&gt;
  &lt;/test&gt; &lt;!-- Testting --&gt;
&lt;/suite&gt; &lt;!-- Default Suite --&gt;
            </pre>
          </div> <!-- main-panel-content rounded-window-bottom -->
        </div> <!-- panel -->
        <div panel-name="testlist-Default_Suite" class="panel">
          <div class="main-panel-header rounded-window-top">
            <span class="header-content">Tests for Default Suite</span>
          </div> <!-- main-panel-header rounded-window-top -->
          <div class="main-panel-content rounded-window-bottom">
            <ul>
              <li>
                <span class="test-name">Testting (1 class)</span>
              </li>
            </ul>
          </div> <!-- main-panel-content rounded-window-bottom -->
        </div> <!-- panel -->
        <div panel-name="group-Default_Suite" class="panel">
          <div class="main-panel-header rounded-window-top">
            <span class="header-content">Groups for Default Suite</span>
          </div> <!-- main-panel-header rounded-window-top -->
          <div class="main-panel-content rounded-window-bottom">
          </div> <!-- main-panel-content rounded-window-bottom -->
        </div> <!-- panel -->
        <div panel-name="times-Default_Suite" class="panel">
          <div class="main-panel-header rounded-window-top">
            <span class="header-content">Times for Default Suite</span>
          </div> <!-- main-panel-header rounded-window-top -->
          <div class="main-panel-content rounded-window-bottom">
            <div class="times-div">
              <script type="text/javascript">
suiteTableInitFunctions.push('tableData_Default_Suite');
function tableData_Default_Suite() {
var data = new google.visualization.DataTable();
data.addColumn('number', 'Number');
data.addColumn('string', 'Method');
data.addColumn('string', 'Class');
data.addColumn('number', 'Time (ms)');
data.addRows(6);
data.setCell(0, 0, 0)
data.setCell(0, 1, 'testInvalidInputs')
data.setCell(0, 2, 'software.testing.group6.SignUpTest')
data.setCell(0, 3, 29085);
data.setCell(1, 0, 1)
data.setCell(1, 1, 'testInvalidInputs')
data.setCell(1, 2, 'software.testing.group6.SignUpTest')
data.setCell(1, 3, 7931);
data.setCell(2, 0, 2)
data.setCell(2, 1, 'testInvalidInputs')
data.setCell(2, 2, 'software.testing.group6.SignUpTest')
data.setCell(2, 3, 7052);
data.setCell(3, 0, 3)
data.setCell(3, 1, 'testInvalidInputs')
data.setCell(3, 2, 'software.testing.group6.SignUpTest')
data.setCell(3, 3, 7000);
data.setCell(4, 0, 4)
data.setCell(4, 1, 'testInvalidInputs')
data.setCell(4, 2, 'software.testing.group6.SignUpTest')
data.setCell(4, 3, 6871);
data.setCell(5, 0, 5)
data.setCell(5, 1, 'testInvalidInputs')
data.setCell(5, 2, 'software.testing.group6.SignUpTest')
data.setCell(5, 3, 6092);
window.suiteTableData['Default_Suite']= { tableData: data, tableDiv: 'times-div-Default_Suite'}
return data;
}
              </script>
              <span class="suite-total-time">Total running time: 1 minutes</span>
              <div id="times-div-Default_Suite">
              </div> <!-- times-div-Default_Suite -->
            </div> <!-- times-div -->
          </div> <!-- main-panel-content rounded-window-bottom -->
        </div> <!-- panel -->
        <div panel-name="reporter-Default_Suite" class="panel">
          <div class="main-panel-header rounded-window-top">
            <span class="header-content">Reporter output for Default Suite</span>
          </div> <!-- main-panel-header rounded-window-top -->
          <div class="main-panel-content rounded-window-bottom">
          </div> <!-- main-panel-content rounded-window-bottom -->
        </div> <!-- panel -->
        <div panel-name="ignored-methods-Default_Suite" class="panel">
          <div class="main-panel-header rounded-window-top">
            <span class="header-content">4 ignored methods</span>
          </div> <!-- main-panel-header rounded-window-top -->
          <div class="main-panel-content rounded-window-bottom">
            <div class="ignored-class-div">
              <span class="ignored-class-name">software.testing.group6.SignUpTest</span>
              <div class="ignored-methods-div">
                <span class="ignored-method-name">testSignUpSuccess</span>
                <br/>
                <span class="ignored-method-name">testMissingFields</span>
                <br/>
                <span class="ignored-method-name">testCancelSignUp</span>
                <br/>
                <span class="ignored-method-name">testExistingData</span>
                <br/>
              </div> <!-- ignored-methods-div -->
            </div> <!-- ignored-class-div -->
          </div> <!-- main-panel-content rounded-window-bottom -->
        </div> <!-- panel -->
        <div panel-name="chronological-Default_Suite" class="panel">
          <div class="main-panel-header rounded-window-top">
            <span class="header-content">Methods in chronological order</span>
          </div> <!-- main-panel-header rounded-window-top -->
          <div class="main-panel-content rounded-window-bottom">
            <div class="chronological-class">
              <div class="chronological-class-name">software.testing.group6.SignUpTest</div> <!-- chronological-class-name -->
              <div class="configuration-method before">
                <span class="method-name">setUp</span>
                <span class="method-start">0 ms</span>
              </div> <!-- configuration-method before -->
              <div class="test-method">
                <span class="method-name">testInvalidInputs(user105ntnnt, Pass1234, Nguyen Van A, 01/01/1990, Nam, chickaakaka.com, 0123456789, 123 Đường ABC, E...)</span>
                <span class="method-start">1570 ms</span>
              </div> <!-- test-method -->
              <div class="configuration-method after">
                <span class="method-name">tearDown</span>
                <span class="method-start">8571 ms</span>
              </div> <!-- configuration-method after -->
              <div class="configuration-method before">
                <span class="method-name">setUp</span>
                <span class="method-start">8712 ms</span>
              </div> <!-- configuration-method before -->
              <div class="test-method">
                <span class="method-name">testInvalidInputs(bc, Pass1234, Nguyen Van A, 01/01/1990, Nam, user8@example.com, 0123456789, 123 Đường ABC, Tên tài k...)</span>
                <span class="method-start">9875 ms</span>
              </div> <!-- test-method -->
              <div class="configuration-method after">
                <span class="method-name">tearDown</span>
                <span class="method-start">16927 ms</span>
              </div> <!-- configuration-method after -->
              <div class="configuration-method before">
                <span class="method-name">setUp</span>
                <span class="method-start">17048 ms</span>
              </div> <!-- configuration-method before -->
              <div class="test-method">
                <img src="failed.png">
                </img>
                <span class="method-name">testInvalidInputs(user106nt, Pass1234, vcc@, 01/01/1990, Nam, user9@example.com, 0123456789, 123 Đường ABC, Họ và tên ...)</span>
                <span class="method-start">17969 ms</span>
              </div> <!-- test-method -->
              <div class="configuration-method after">
                <span class="method-name">tearDown</span>
                <span class="method-start">24068 ms</span>
              </div> <!-- configuration-method after -->
              <div class="configuration-method before">
                <span class="method-name">setUp</span>
                <span class="method-start">24204 ms</span>
              </div> <!-- configuration-method before -->
              <div class="test-method">
                <img src="failed.png">
                </img>
                <span class="method-name">testInvalidInputs(user107nt, Pass1234, Nguyen Van A, 01/01/2026, Nam, user10@example.com, 0123456789, 123 Đường ABC, N...)</span>
                <span class="method-start">26175 ms</span>
              </div> <!-- test-method -->
              <div class="configuration-method after">
                <span class="method-name">tearDown</span>
                <span class="method-start">34108 ms</span>
              </div> <!-- configuration-method after -->
              <div class="configuration-method before">
                <span class="method-name">setUp</span>
                <span class="method-start">34949 ms</span>
              </div> <!-- configuration-method before -->
              <div class="test-method">
                <img src="failed.png">
                </img>
                <span class="method-name">testInvalidInputs(user108nt, Pass1234, Nguyen Van A, 01/01/1990, Nam, user11@example.com, abc123, 123 Đường ABC, SĐT k...)</span>
                <span class="method-start">36369 ms</span>
              </div> <!-- test-method -->
              <div class="configuration-method after">
                <span class="method-name">tearDown</span>
                <span class="method-start">43242 ms</span>
              </div> <!-- configuration-method after -->
              <div class="configuration-method before">
                <span class="method-name">setUp</span>
                <span class="method-start">43547 ms</span>
              </div> <!-- configuration-method before -->
              <div class="test-method">
                <img src="failed.png">
                </img>
                <span class="method-name">testInvalidInputs(user09812, a, Nguyen Van A, 01/01/1990, Nam, user12@example.com, 0123456789, 123 Đường ABC, Mật khẩu...)</span>
                <span class="method-start">45337 ms</span>
              </div> <!-- test-method -->
              <div class="configuration-method after">
                <span class="method-name">tearDown</span>
                <span class="method-start">74422 ms</span>
              </div> <!-- configuration-method after -->
          </div> <!-- main-panel-content rounded-window-bottom -->
        </div> <!-- panel -->
      </div> <!-- main-panel-root -->
    </div> <!-- wrapper -->
  </body>
<script type="text/javascript" src="testng-reports2.js"></script>
</html>
